Using pre-set license
Built from '2020.3/staging' branch; Version is '2020.3.6f1 (338bb68529b2) revision 3378102'; Using compiler version '192528614'; Build Type 'Release'
OS: 'Windows 10 Home Single Language; OS build 19042.1706; Version 2009; 64bit' Language: 'ko' Physical Memory: 16167 MB
BatchMode: 1, IsHumanControllingUs: 0, StartBugReporterOnCrash: 0, Is64bit: 1, IsPro: 0

 COMMAND LINE ARGUMENTS:
D:\Project_Folder\Unity_DownloadFolder\Unity\Editor\Unity.exe
-adb2
-batchMode
-noUpm
-name
AssetImportWorker0
-projectPath
D:/Project_Folder/Unity/Proto_A
-logFile
Logs/AssetImportWorker0.log
-srvPort
53224
Successfully changed project path to: D:/Project_Folder/Unity/Proto_A
D:/Project_Folder/Unity/Proto_A
Using Asset Import Pipeline V2.
Refreshing native plugins compatible for Editor in 133.44 ms, found 4 plugins.
Preloading 0 native plugins for Editor in 0.00 ms.
Initialize engine version: 2020.3.6f1 (338bb68529b2)
[Subsystems] Discovering subsystems at path D:/Project_Folder/Unity_DownloadFolder/Unity/Editor/Data/Resources/UnitySubsystems
[Subsystems] Discovering subsystems at path D:/Project_Folder/Unity/Proto_A/Assets
GfxDevice: creating device client; threaded=0
Direct3D:
    Version:  Direct3D 11.0 [level 11.1]
    Renderer: Microsoft Basic Render Driver (ID=0x8c)
    Vendor:   
    VRAM:     8083 MB
Shader 'Universal Render Pipeline/Particles/Lit': fallback shader 'Universal Render Pipeline/Particles/SimpleLit' not found
Initialize mono
Mono path[0] = 'D:/Project_Folder/Unity_DownloadFolder/Unity/Editor/Data/Managed'
Mono path[1] = 'D:/Project_Folder/Unity_DownloadFolder/Unity/Editor/Data/MonoBleedingEdge/lib/mono/unityjit'
Mono config path = 'D:/Project_Folder/Unity_DownloadFolder/Unity/Editor/Data/MonoBleedingEdge/etc'
Using monoOptions --debugger-agent=transport=dt_socket,embedding=1,server=y,suspend=n,address=127.0.0.1:56404
Begin MonoManager ReloadAssembly
Registering precompiled unity dll's ...
Register platform support module: D:/Project_Folder/Unity_DownloadFolder/Unity/Editor/Data/PlaybackEngines/WindowsStandaloneSupport/UnityEditor.WindowsStandalone.Extensions.dll
Registered in 0.001096 seconds.
Native extension for WindowsStandalone target not found
Refreshing native plugins compatible for Editor in 88.03 ms, found 4 plugins.
Preloading 0 native plugins for Editor in 0.00 ms.
Mono: successfully reloaded assembly
- Completed reload, in  1.042 seconds
Platform modules already initialized, skipping
Registering precompiled user dll's ...
Registered in 0.003290 seconds.
Begin MonoManager ReloadAssembly
Native extension for WindowsStandalone target not found
Refreshing native plugins compatible for Editor in 75.81 ms, found 4 plugins.
Preloading 0 native plugins for Editor in 0.00 ms.
Mono: successfully reloaded assembly
- Completed reload, in  1.334 seconds
Platform modules already initialized, skipping
========================================================================
Worker process is ready to serve import requests
Shader 'Universal Render Pipeline/Particles/Lit': fallback shader 'Universal Render Pipeline/Particles/SimpleLit' not found
Launched and connected shader compiler UnityShaderCompiler.exe after 0.05 seconds
Refreshing native plugins compatible for Editor in 1.24 ms, found 4 plugins.
Preloading 0 native plugins for Editor in 0.00 ms.
Unloading 3377 Unused Serialized files (Serialized files now loaded: 0)
System memory in use before: 147.2 MB.
System memory in use after: 147.4 MB.

Unloading 61 unused Assets to reduce memory usage. Loaded Objects now: 3785.
Total: 5.437400 ms (FindLiveObjects: 0.375000 ms CreateObjectMapping: 0.182300 ms MarkObjects: 4.710400 ms  DeleteObjects: 0.167400 ms)

========================================================================
Received Import Request.
  path: Assets/Resources/Player.prefab
  artifactKey: Guid(34b5733909f368640a8e7b9929bd45c7) Importer(815301076,1909f56bfc062723c751e8b465ee728b)
Start importing Assets/Resources/Player.prefab using Guid(34b5733909f368640a8e7b9929bd45c7) Importer(815301076,1909f56bfc062723c751e8b465ee728b)  -> (artifact id: '47e251c9986f669c329e0be8121a8331') in 0.346284 seconds
  Import took 0.375731 seconds .

========================================================================
Received Import Request.
  Time since last request: 0.023807 seconds.
  path: Assets/Resources/Player.prefab
  artifactKey: Guid(34b5733909f368640a8e7b9929bd45c7) Importer(815301076,1909f56bfc062723c751e8b465ee728b)
Start importing Assets/Resources/Player.prefab using Guid(34b5733909f368640a8e7b9929bd45c7) Importer(815301076,1909f56bfc062723c751e8b465ee728b)  -> (artifact id: '47e251c9986f669c329e0be8121a8331') in 0.020104 seconds
  Import took 0.026921 seconds .

========================================================================
Received Prepare
Registering precompiled user dll's ...
Registered in 0.003832 seconds.
Begin MonoManager ReloadAssembly
Native extension for WindowsStandalone target not found
Refreshing native plugins compatible for Editor in 1.02 ms, found 4 plugins.
Preloading 0 native plugins for Editor in 0.00 ms.
Mono: successfully reloaded assembly
- Completed reload, in  1.531 seconds
Platform modules already initialized, skipping
Shader 'Universal Render Pipeline/Particles/Lit': fallback shader 'Universal Render Pipeline/Particles/SimpleLit' not found
Refreshing native plugins compatible for Editor in 1.02 ms, found 4 plugins.
Preloading 0 native plugins for Editor in 0.00 ms.
Unloading 3251 Unused Serialized files (Serialized files now loaded: 0)
System memory in use before: 143.7 MB.
System memory in use after: 144.0 MB.

Unloading 48 unused Assets to reduce memory usage. Loaded Objects now: 3834.
Total: 2.517000 ms (FindLiveObjects: 0.268200 ms CreateObjectMapping: 0.094100 ms MarkObjects: 2.100700 ms  DeleteObjects: 0.051000 ms)

========================================================================
Received Prepare
Registering precompiled user dll's ...
Registered in 0.002933 seconds.
Begin MonoManager ReloadAssembly
Native extension for WindowsStandalone target not found
Refreshing native plugins compatible for Editor in 1.40 ms, found 4 plugins.
Preloading 0 native plugins for Editor in 0.00 ms.
Mono: successfully reloaded assembly
- Completed reload, in  1.563 seconds
Platform modules already initialized, skipping
Shader 'Universal Render Pipeline/Particles/Lit': fallback shader 'Universal Render Pipeline/Particles/SimpleLit' not found
Refreshing native plugins compatible for Editor in 1.44 ms, found 4 plugins.
Preloading 0 native plugins for Editor in 0.00 ms.
Unloading 3251 Unused Serialized files (Serialized files now loaded: 0)
System memory in use before: 143.8 MB.
System memory in use after: 144.0 MB.

Unloading 48 unused Assets to reduce memory usage. Loaded Objects now: 3839.
Total: 2.490900 ms (FindLiveObjects: 0.227000 ms CreateObjectMapping: 0.071100 ms MarkObjects: 2.166600 ms  DeleteObjects: 0.025300 ms)

========================================================================
Received Prepare
Shader 'Universal Render Pipeline/Particles/Lit': fallback shader 'Universal Render Pipeline/Particles/SimpleLit' not found
Refreshing native plugins compatible for Editor in 12.51 ms, found 4 plugins.
Preloading 0 native plugins for Editor in 0.00 ms.
Unloading 46 Unused Serialized files (Serialized files now loaded: 0)
System memory in use before: 80.5 MB.
System memory in use after: 80.8 MB.

Unloading 46 unused Assets to reduce memory usage. Loaded Objects now: 3839.
Total: 3.535600 ms (FindLiveObjects: 0.388800 ms CreateObjectMapping: 0.178800 ms MarkObjects: 2.901100 ms  DeleteObjects: 0.064900 ms)

========================================================================
Received Prepare
Registering precompiled user dll's ...
Registered in 0.007725 seconds.
Begin MonoManager ReloadAssembly
Native extension for WindowsStandalone target not found
Refreshing native plugins compatible for Editor in 2.54 ms, found 4 plugins.
Preloading 0 native plugins for Editor in 0.00 ms.
Mono: successfully reloaded assembly
- Completed reload, in  6.964 seconds
Platform modules already initialized, skipping
Shader 'Universal Render Pipeline/Particles/Lit': fallback shader 'Universal Render Pipeline/Particles/SimpleLit' not found
Refreshing native plugins compatible for Editor in 1.45 ms, found 4 plugins.
Preloading 0 native plugins for Editor in 0.00 ms.
Unloading 3251 Unused Serialized files (Serialized files now loaded: 0)
System memory in use before: 143.8 MB.
System memory in use after: 144.1 MB.

Unloading 48 unused Assets to reduce memory usage. Loaded Objects now: 3844.
Total: 21.876600 ms (FindLiveObjects: 6.240000 ms CreateObjectMapping: 10.287600 ms MarkObjects: 5.285200 ms  DeleteObjects: 0.062200 ms)

========================================================================
Received Import Request.
  Time since last request: 383.029711 seconds.
  path: Assets/Resources/ETC/Minigame1/admin_Card.png
  artifactKey: Guid(5a7c86453b4418443a67aa2c427d453f) Importer(815301076,1909f56bfc062723c751e8b465ee728b)
Start importing Assets/Resources/ETC/Minigame1/admin_Card.png using Guid(5a7c86453b4418443a67aa2c427d453f) Importer(815301076,1909f56bfc062723c751e8b465ee728b)  -> (artifact id: 'f8671b390133cd03d904425458446cf1') in 0.173049 seconds
  Import took 0.182573 seconds .

========================================================================
Received Import Request.
  Time since last request: 0.000237 seconds.
  path: Assets/Resources/ETC/Minigame1/admin_Wallet.png
  artifactKey: Guid(d211645505804fd4fa793992a911f1ea) Importer(815301076,1909f56bfc062723c751e8b465ee728b)
Start importing Assets/Resources/ETC/Minigame1/admin_Wallet.png using Guid(d211645505804fd4fa793992a911f1ea) Importer(815301076,1909f56bfc062723c751e8b465ee728b)  -> (artifact id: '101e559fe686296ad61b6f552366590f') in 0.016372 seconds
  Import took 0.024655 seconds .

========================================================================
Received Import Request.
  Time since last request: 0.000270 seconds.
  path: Assets/Photon/PhotonVoice/Demos/DemoVoicePun/Standard Assets/CrossPlatformInput/Sprites/ButtonThumbstickOverSprite.png
  artifactKey: Guid(5485e2f56028a3c4cb54f5caa167377e) Importer(815301076,1909f56bfc062723c751e8b465ee728b)
Start importing Assets/Photon/PhotonVoice/Demos/DemoVoicePun/Standard Assets/CrossPlatformInput/Sprites/ButtonThumbstickOverSprite.png using Guid(5485e2f56028a3c4cb54f5caa167377e) Importer(815301076,1909f56bfc062723c751e8b465ee728b)  -> (artifact id: 'bf7546b1c5b2e58165130498508276c7') in 0.052188 seconds
  Import took 0.062267 seconds .

========================================================================
Received Import Request.
  Time since last request: 0.000407 seconds.
  path: Assets/Resources/ETC/Minigame1/admin_Wallet.png
  artifactKey: Guid(d211645505804fd4fa793992a911f1ea) Importer(815301076,1909f56bfc062723c751e8b465ee728b)
Start importing Assets/Resources/ETC/Minigame1/admin_Wallet.png using Guid(d211645505804fd4fa793992a911f1ea) Importer(815301076,1909f56bfc062723c751e8b465ee728b)  -> (artifact id: '101e559fe686296ad61b6f552366590f') in 0.061116 seconds
  Import took 0.096371 seconds .

========================================================================
Received Import Request.
  Time since last request: 0.000208 seconds.
  path: Assets/Resources/ETC/Minigame1/admin_Card.png
  artifactKey: Guid(5a7c86453b4418443a67aa2c427d453f) Importer(815301076,1909f56bfc062723c751e8b465ee728b)
Start importing Assets/Resources/ETC/Minigame1/admin_Card.png using Guid(5a7c86453b4418443a67aa2c427d453f) Importer(815301076,1909f56bfc062723c751e8b465ee728b)  -> (artifact id: 'f8671b390133cd03d904425458446cf1') in 0.012313 seconds
  Import took 0.022601 seconds .

========================================================================
Received Import Request.
  Time since last request: 0.001636 seconds.
  path: Assets/Photon/PhotonUnityNetworking/Demos/Shared Assets/Skin/DropDown CheckMark.png
  artifactKey: Guid(fd47c8b4ebfbd4339858d4d23f587519) Importer(815301076,1909f56bfc062723c751e8b465ee728b)
Start importing Assets/Photon/PhotonUnityNetworking/Demos/Shared Assets/Skin/DropDown CheckMark.png using Guid(fd47c8b4ebfbd4339858d4d23f587519) Importer(815301076,1909f56bfc062723c751e8b465ee728b)  -> (artifact id: 'c27c6dea8707f4bd61f1de78204ea1bb') in 0.105531 seconds
  Import took 0.116128 seconds .

========================================================================
Received Import Request.
  Time since last request: 0.000567 seconds.
  path: Assets/Photon/PhotonVoice/Demos/DemoVoicePun/Standard Assets/CrossPlatformInput/Sprites/ButtonThumbstickUpSprite.png
  artifactKey: Guid(9866a92691696b346901281f2b329034) Importer(815301076,1909f56bfc062723c751e8b465ee728b)
Start importing Assets/Photon/PhotonVoice/Demos/DemoVoicePun/Standard Assets/CrossPlatformInput/Sprites/ButtonThumbstickUpSprite.png using Guid(9866a92691696b346901281f2b329034) Importer(815301076,1909f56bfc062723c751e8b465ee728b)  -> (artifact id: 'd3c7e277b998eda6ac70da36af390eba') in 0.019632 seconds
  Import took 0.036484 seconds .

========================================================================
Received Import Request.
  Time since last request: 0.000214 seconds.
  path: Assets/Photon/PhotonVoice/Demos/DemoVoiceUI/Media/barsHorizontal.png
  artifactKey: Guid(055458b32c82031478126740cfeff8b5) Importer(815301076,1909f56bfc062723c751e8b465ee728b)
Start importing Assets/Photon/PhotonVoice/Demos/DemoVoiceUI/Media/barsHorizontal.png using Guid(055458b32c82031478126740cfeff8b5) Importer(815301076,1909f56bfc062723c751e8b465ee728b)  -> (artifact id: 'e4d990b85c22aea8403beae72503dbe4') in 0.083704 seconds
  Import took 0.115435 seconds .

========================================================================
Received Import Request.
  Time since last request: 0.003644 seconds.
  path: Assets/Resources/ETC/Minigame2/electricity_wires1.png
  artifactKey: Guid(638c6fb51613e554abfe566ecd56a9a2) Importer(815301076,1909f56bfc062723c751e8b465ee728b)
Start importing Assets/Resources/ETC/Minigame2/electricity_wires1.png using Guid(638c6fb51613e554abfe566ecd56a9a2) Importer(815301076,1909f56bfc062723c751e8b465ee728b)  -> (artifact id: '973aca6135f493869ff038395a878aa5') in 0.013466 seconds
  Import took 0.021999 seconds .

========================================================================
Received Import Request.
  Time since last request: 0.000242 seconds.
  path: Assets/Photon/PhotonUnityNetworking/Demos/Shared Assets/Skin/DropDown Arrow.png
  artifactKey: Guid(936345f7fc3934efa8119a8700d904c7) Importer(815301076,1909f56bfc062723c751e8b465ee728b)
Start importing Assets/Photon/PhotonUnityNetworking/Demos/Shared Assets/Skin/DropDown Arrow.png using Guid(936345f7fc3934efa8119a8700d904c7) Importer(815301076,1909f56bfc062723c751e8b465ee728b)  -> (artifact id: '23fb8cdc2996acf64314e504e4564b6a') in 0.021950 seconds
  Import took 0.042288 seconds .

========================================================================
Received Import Request.
  Time since last request: 0.597940 seconds.
  path: Assets/Resources/ETC/Minigame2/electricity_wires2.png
  artifactKey: Guid(dfbbaab9b76e1c148a321e27f1bf6566) Importer(815301076,1909f56bfc062723c751e8b465ee728b)
Start importing Assets/Resources/ETC/Minigame2/electricity_wires2.png using Guid(dfbbaab9b76e1c148a321e27f1bf6566) Importer(815301076,1909f56bfc062723c751e8b465ee728b)  -> (artifact id: '2ba045f5d4caf2b3da0215db3c0bf0ab') in 0.014839 seconds
  Import took 0.024685 seconds .

========================================================================
Received Import Request.
  Time since last request: 0.000395 seconds.
  path: Assets/Resources/ETC/Minigame2/electricity_wires3.png
  artifactKey: Guid(6a444fddca1560244b3e68ab8ec39218) Importer(815301076,1909f56bfc062723c751e8b465ee728b)
Start importing Assets/Resources/ETC/Minigame2/electricity_wires3.png using Guid(6a444fddca1560244b3e68ab8ec39218) Importer(815301076,1909f56bfc062723c751e8b465ee728b)  -> (artifact id: 'fe12f12156bbf92bd5687e895881d5fe') in 0.016311 seconds
  Import took 0.026944 seconds .

========================================================================
Received Import Request.
  Time since last request: 0.302050 seconds.
  path: Assets/Resources/ETC/Minigame2/electricity_wiresBase.png
  artifactKey: Guid(3cf5551f0f446f040a3644e9010ce9c3) Importer(815301076,1909f56bfc062723c751e8b465ee728b)
Start importing Assets/Resources/ETC/Minigame2/electricity_wiresBase.png using Guid(3cf5551f0f446f040a3644e9010ce9c3) Importer(815301076,1909f56bfc062723c751e8b465ee728b)  -> (artifact id: '32505462dc4ce77da0380f9b00fe68bb') in 0.013563 seconds
  Import took 0.021809 seconds .

========================================================================
Received Import Request.
  Time since last request: 0.000229 seconds.
  path: Assets/Resources/ETC/Minigame2/electricity_wiresBase2.png
  artifactKey: Guid(f5f8506e72d025d4f98620a94312fb26) Importer(815301076,1909f56bfc062723c751e8b465ee728b)
Start importing Assets/Resources/ETC/Minigame2/electricity_wiresBase2.png using Guid(f5f8506e72d025d4f98620a94312fb26) Importer(815301076,1909f56bfc062723c751e8b465ee728b)  -> (artifact id: '6302c761e063d619912c4d3215360a2f') in 0.017526 seconds
  Import took 0.031282 seconds .

========================================================================
Received Import Request.
  Time since last request: 0.000217 seconds.
  path: Assets/Resources/ETC/Minigame2/electricity_wiresBase1.png
  artifactKey: Guid(955fdc14d0d05bc419b965f5ca27b905) Importer(815301076,1909f56bfc062723c751e8b465ee728b)
Start importing Assets/Resources/ETC/Minigame2/electricity_wiresBase1.png using Guid(955fdc14d0d05bc419b965f5ca27b905) Importer(815301076,1909f56bfc062723c751e8b465ee728b)  -> (artifact id: 'a9f146c0a376c78094e21be32d83ae18') in 0.030798 seconds
  Import took 0.052502 seconds .

========================================================================
Received Import Request.
  Time since last request: 0.011332 seconds.
  path: Assets/Resources/ETC/Minigame2/electricity_wiresBase3.png
  artifactKey: Guid(627b565f37b6f1a4bab9803917e25a27) Importer(815301076,1909f56bfc062723c751e8b465ee728b)
Start importing Assets/Resources/ETC/Minigame2/electricity_wiresBase3.png using Guid(627b565f37b6f1a4bab9803917e25a27) Importer(815301076,1909f56bfc062723c751e8b465ee728b)  -> (artifact id: 'b2f3f23ea81fb8977bfec94b29a1eec7') in 0.058726 seconds
  Import took 0.065979 seconds .

========================================================================
Received Import Request.
  Time since last request: 0.170718 seconds.
  path: Assets/Resources/ETC/Minigame2/electricity_wiresBaseBack.png
  artifactKey: Guid(d03698239468073428a692c048c6e153) Importer(815301076,1909f56bfc062723c751e8b465ee728b)
Start importing Assets/Resources/ETC/Minigame2/electricity_wiresBaseBack.png using Guid(d03698239468073428a692c048c6e153) Importer(815301076,1909f56bfc062723c751e8b465ee728b)  -> (artifact id: 'a9def525458e90207320105cbdc53540') in 0.022959 seconds
  Import took 0.034835 seconds .

========================================================================
Received Import Request.
  Time since last request: 0.000300 seconds.
  path: Assets/Resources/ETC/Minigame1/engineFuel_buttonBase.png
  artifactKey: Guid(652f5e4a84c1e52469386d287a4c1ca6) Importer(815301076,1909f56bfc062723c751e8b465ee728b)
Start importing Assets/Resources/ETC/Minigame1/engineFuel_buttonBase.png using Guid(652f5e4a84c1e52469386d287a4c1ca6) Importer(815301076,1909f56bfc062723c751e8b465ee728b)  -> (artifact id: 'd7ed18a3bb9f35bcb735496de344dacd') in 0.017489 seconds
  Import took 0.027040 seconds .

========================================================================
Received Import Request.
  Time since last request: 0.000280 seconds.
  path: Assets/Photon/PhotonVoice/Demos/DemoVoiceUI/Media/gizmo-microphone.png
  artifactKey: Guid(464883c791528804496b8c8ef7126e52) Importer(815301076,1909f56bfc062723c751e8b465ee728b)
Start importing Assets/Photon/PhotonVoice/Demos/DemoVoiceUI/Media/gizmo-microphone.png using Guid(464883c791528804496b8c8ef7126e52) Importer(815301076,1909f56bfc062723c751e8b465ee728b)  -> (artifact id: 'c86a5f59ead2c74b615e68708f12ac10') in 0.048942 seconds
  Import took 0.057197 seconds .

========================================================================
Received Import Request.
  Time since last request: 0.021726 seconds.
  path: Assets/Resources/ETC/Minigame1/enterID_panel.png
  artifactKey: Guid(6c1eba738e534a546a6c12880de8b8f8) Importer(815301076,1909f56bfc062723c751e8b465ee728b)
Start importing Assets/Resources/ETC/Minigame1/enterID_panel.png using Guid(6c1eba738e534a546a6c12880de8b8f8) Importer(815301076,1909f56bfc062723c751e8b465ee728b)  -> (artifact id: '68f9630ee024c6e013bdb83349102b6b') in 0.036127 seconds
  Import took 0.076799 seconds .

========================================================================
Received Import Request.
  Time since last request: 0.000224 seconds.
  path: Assets/Photon/PhotonVoice/Demos/DemoVoiceUI/Media/gizmo-speech-bubble.png
  artifactKey: Guid(58086affa71851c4b81d7fba4c08e0b6) Importer(815301076,1909f56bfc062723c751e8b465ee728b)
Start importing Assets/Photon/PhotonVoice/Demos/DemoVoiceUI/Media/gizmo-speech-bubble.png using Guid(58086affa71851c4b81d7fba4c08e0b6) Importer(815301076,1909f56bfc062723c751e8b465ee728b)  -> (artifact id: 'e9ab4dffcce3d3318ce3569b6c369679') in 0.040751 seconds
  Import took 0.049768 seconds .

========================================================================
Received Import Request.
  Time since last request: 0.001156 seconds.
  path: Assets/Photon/PhotonVoice/Demos/DemoVoiceUI/Media/gizmo-microphone-off.png
  artifactKey: Guid(89c869f76d8c0474a8da08e71510f0f2) Importer(815301076,1909f56bfc062723c751e8b465ee728b)
Start importing Assets/Photon/PhotonVoice/Demos/DemoVoiceUI/Media/gizmo-microphone-off.png using Guid(89c869f76d8c0474a8da08e71510f0f2) Importer(815301076,1909f56bfc062723c751e8b465ee728b)  -> (artifact id: 'aedb2445fc99fd5b1535effb9d77bb3f') in 0.095588 seconds
  Import took 0.104215 seconds .

========================================================================
Received Import Request.
  Time since last request: 0.000188 seconds.
  path: Assets/Photon/PhotonVoice/Demos/DemoVoiceUI/Media/gizmo-speaker.png
  artifactKey: Guid(78b736601df34e145b113200f637e37f) Importer(815301076,1909f56bfc062723c751e8b465ee728b)
Start importing Assets/Photon/PhotonVoice/Demos/DemoVoiceUI/Media/gizmo-speaker.png using Guid(78b736601df34e145b113200f637e37f) Importer(815301076,1909f56bfc062723c751e8b465ee728b)  -> (artifact id: 'f63b06e46f4bbc5f85cd72504dbd509a') in 0.029673 seconds
  Import took 0.043175 seconds .

========================================================================
Received Import Request.
  Time since last request: 0.002965 seconds.
  path: Assets/Resources/ETC/Minigame0/nav_stabilize_base.png
  artifactKey: Guid(809b5dddcb5ad0a46bada4f312825c01) Importer(815301076,1909f56bfc062723c751e8b465ee728b)
Start importing Assets/Resources/ETC/Minigame0/nav_stabilize_base.png using Guid(809b5dddcb5ad0a46bada4f312825c01) Importer(815301076,1909f56bfc062723c751e8b465ee728b)  -> (artifact id: '1dc598436f37137b9350651b73898007') in 0.090355 seconds
  Import took 0.107111 seconds .

========================================================================
Received Import Request.
  Time since last request: 0.000256 seconds.
  path: Assets/Photon/PhotonVoice/Demos/DemoVoiceUI/Media/Gradient.png
  artifactKey: Guid(6c4246dd80904b747bd0f2b32a4b5bef) Importer(815301076,1909f56bfc062723c751e8b465ee728b)
Start importing Assets/Photon/PhotonVoice/Demos/DemoVoiceUI/Media/Gradient.png using Guid(6c4246dd80904b747bd0f2b32a4b5bef) Importer(815301076,1909f56bfc062723c751e8b465ee728b)  -> (artifact id: 'bf130ced226cbd7eae031d97cb999eb3') in 0.024641 seconds
  Import took 0.030101 seconds .

========================================================================
Received Import Request.
  Time since last request: 0.000188 seconds.
  path: Assets/Photon/PhotonVoice/Demos/DemoVoicePun/Textures/gizmo-speech-bubble.png
  artifactKey: Guid(7f03ad306684b814691c894ce28dc105) Importer(815301076,1909f56bfc062723c751e8b465ee728b)
Start importing Assets/Photon/PhotonVoice/Demos/DemoVoicePun/Textures/gizmo-speech-bubble.png using Guid(7f03ad306684b814691c894ce28dc105) Importer(815301076,1909f56bfc062723c751e8b465ee728b)  -> (artifact id: '15e1d541cfca2a5f232b48e26d6c84e8') in 0.038466 seconds
  Import took 0.052164 seconds .

========================================================================
Received Import Request.
  Time since last request: 0.000838 seconds.
  path: Assets/Photon/PhotonUnityNetworking/Demos/DemoHub/Sprites/OutlinedSquaredBox.png
  artifactKey: Guid(c222cd02c447941edb09ecb6433229ce) Importer(815301076,1909f56bfc062723c751e8b465ee728b)
Start importing Assets/Photon/PhotonUnityNetworking/Demos/DemoHub/Sprites/OutlinedSquaredBox.png using Guid(c222cd02c447941edb09ecb6433229ce) Importer(815301076,1909f56bfc062723c751e8b465ee728b)  -> (artifact id: '3ed1e9ae569c7a84a5a529bac22c0600') in 0.072469 seconds
  Import took 0.081459 seconds .

========================================================================
Received Import Request.
  Time since last request: 0.000259 seconds.
  path: Assets/Resources/ETC/Minigame0/nav_stabilize_graph.png
  artifactKey: Guid(f82c3c997607a5f4b82e7a91e17cc81c) Importer(815301076,1909f56bfc062723c751e8b465ee728b)
Start importing Assets/Resources/ETC/Minigame0/nav_stabilize_graph.png using Guid(f82c3c997607a5f4b82e7a91e17cc81c) Importer(815301076,1909f56bfc062723c751e8b465ee728b)  -> (artifact id: '9c1aff78bd886f36886bb83bf019260c') in 0.025298 seconds
  Import took 0.046742 seconds .

========================================================================
Received Import Request.
  Time since last request: 0.000385 seconds.
  path: Assets/Photon/PhotonVoice/Demos/DemoVoicePun/Textures/UIPanel.png
  artifactKey: Guid(a5a780e4a881ea44f88afed421a63c3a) Importer(815301076,1909f56bfc062723c751e8b465ee728b)
Start importing Assets/Photon/PhotonVoice/Demos/DemoVoicePun/Textures/UIPanel.png using Guid(a5a780e4a881ea44f88afed421a63c3a) Importer(815301076,1909f56bfc062723c751e8b465ee728b)  -> (artifact id: '61cace28687e8d344d621736d1e89ffd') in 0.106100 seconds
  Import took 0.116490 seconds .

========================================================================
Received Import Request.
  Time since last request: 0.000282 seconds.
  path: Assets/Photon/PhotonUnityNetworking/Demos/DemoHub/Sprites/Gradient.png
  artifactKey: Guid(66efb24ed46044ab8a039599cbc47d7b) Importer(815301076,1909f56bfc062723c751e8b465ee728b)
Start importing Assets/Photon/PhotonUnityNetworking/Demos/DemoHub/Sprites/Gradient.png using Guid(66efb24ed46044ab8a039599cbc47d7b) Importer(815301076,1909f56bfc062723c751e8b465ee728b)  -> (artifact id: '273a8ea0afa09d12def376a0c5600657') in 0.311079 seconds
  Import took 0.708004 seconds .

========================================================================
Received Import Request.
  Time since last request: 0.001965 seconds.
  path: Assets/Photon/PhotonVoice/Demos/DemoVoicePun/Textures/gizmo-speaker.png
  artifactKey: Guid(c47e398a757a26944afdfef9c300a9e9) Importer(815301076,1909f56bfc062723c751e8b465ee728b)
Start importing Assets/Photon/PhotonVoice/Demos/DemoVoicePun/Textures/gizmo-speaker.png using Guid(c47e398a757a26944afdfef9c300a9e9) Importer(815301076,1909f56bfc062723c751e8b465ee728b)  -> (artifact id: '417ed6fc8788543faec93c7a6b6d7a99') in 0.763009 seconds
  Import took 0.829470 seconds .

========================================================================
Received Import Request.
  Time since last request: 0.000160 seconds.
  path: Assets/Resources/ETC/Minigame0/nav_stabilize_target.png
  artifactKey: Guid(8c577a5ead23097449d0af7f170b1fd4) Importer(815301076,1909f56bfc062723c751e8b465ee728b)
Start importing Assets/Resources/ETC/Minigame0/nav_stabilize_target.png using Guid(8c577a5ead23097449d0af7f170b1fd4) Importer(815301076,1909f56bfc062723c751e8b465ee728b)  -> (artifact id: '19dfb8d169dba3dc30ca14ecd7f6b3c3') in 0.038649 seconds
  Import took 0.048296 seconds .

========================================================================
Received Prepare
Registering precompiled user dll's ...
Registered in 0.003325 seconds.
Begin MonoManager ReloadAssembly
Native extension for WindowsStandalone target not found
Refreshing native plugins compatible for Editor in 1.12 ms, found 4 plugins.
Preloading 0 native plugins for Editor in 0.00 ms.
Mono: successfully reloaded assembly
- Completed reload, in  1.248 seconds
Platform modules already initialized, skipping
Shader 'Universal Render Pipeline/Particles/Lit': fallback shader 'Universal Render Pipeline/Particles/SimpleLit' not found
Refreshing native plugins compatible for Editor in 0.91 ms, found 4 plugins.
Preloading 0 native plugins for Editor in 0.00 ms.
Unloading 3251 Unused Serialized files (Serialized files now loaded: 0)
System memory in use before: 143.9 MB.
System memory in use after: 144.2 MB.

Unloading 48 unused Assets to reduce memory usage. Loaded Objects now: 3882.
Total: 3.237500 ms (FindLiveObjects: 0.446300 ms CreateObjectMapping: 0.209500 ms MarkObjects: 2.506200 ms  DeleteObjects: 0.073700 ms)

========================================================================
Received Import Request.
  Time since last request: 249.176766 seconds.
  path: Assets/Scripts/PlayerScript.cs
  artifactKey: Guid(94f0f74de5f6d894c82c592d2c1cf84e) Importer(815301076,1909f56bfc062723c751e8b465ee728b)
Start importing Assets/Scripts/PlayerScript.cs using Guid(94f0f74de5f6d894c82c592d2c1cf84e) Importer(815301076,1909f56bfc062723c751e8b465ee728b)  -> (artifact id: 'dfa419ab57d01a529d534d41423999b0') in 0.028525 seconds
  Import took 0.034629 seconds .

========================================================================
Received Import Request.
  Time since last request: 0.638962 seconds.
  path: Assets/Scripts/NetworkManager.cs
  artifactKey: Guid(53dcda7e0c3be4d47b15825653af8c14) Importer(815301076,1909f56bfc062723c751e8b465ee728b)
Start importing Assets/Scripts/NetworkManager.cs using Guid(53dcda7e0c3be4d47b15825653af8c14) Importer(815301076,1909f56bfc062723c751e8b465ee728b)  -> (artifact id: '18072e2d9a2060caaecf1574f99d7891') in 0.011134 seconds
  Import took 0.018070 seconds .

========================================================================
Received Import Request.
  Time since last request: 0.003487 seconds.
  path: Assets/Scripts/NetworkManager.cs
  artifactKey: Guid(53dcda7e0c3be4d47b15825653af8c14) Importer(815301076,1909f56bfc062723c751e8b465ee728b)
Start importing Assets/Scripts/NetworkManager.cs using Guid(53dcda7e0c3be4d47b15825653af8c14) Importer(815301076,1909f56bfc062723c751e8b465ee728b)  -> (artifact id: '18072e2d9a2060caaecf1574f99d7891') in 0.007601 seconds
  Import took 0.015600 seconds .

========================================================================
Received Import Request.
  Time since last request: 1.936741 seconds.
  path: Assets/Scripts/UIManager.cs
  artifactKey: Guid(1b50bc76f17553b4d997b5ac77ca2904) Importer(815301076,1909f56bfc062723c751e8b465ee728b)
Start importing Assets/Scripts/UIManager.cs using Guid(1b50bc76f17553b4d997b5ac77ca2904) Importer(815301076,1909f56bfc062723c751e8b465ee728b)  -> (artifact id: 'ed9a2ed67272cdcca6021b0a50a38413') in 0.015252 seconds
  Import took 0.020681 seconds .

========================================================================
Received Import Request.
  Time since last request: 0.002048 seconds.
  path: Assets/Scripts/UIManager.cs
  artifactKey: Guid(1b50bc76f17553b4d997b5ac77ca2904) Importer(815301076,1909f56bfc062723c751e8b465ee728b)
Start importing Assets/Scripts/UIManager.cs using Guid(1b50bc76f17553b4d997b5ac77ca2904) Importer(815301076,1909f56bfc062723c751e8b465ee728b)  -> (artifact id: 'ed9a2ed67272cdcca6021b0a50a38413') in 0.002101 seconds
  Import took 0.016450 seconds .

========================================================================
Received Prepare
Registering precompiled user dll's ...
Registered in 0.007476 seconds.
Begin MonoManager ReloadAssembly
Native extension for WindowsStandalone target not found
Refreshing native plugins compatible for Editor in 20.63 ms, found 4 plugins.
Preloading 0 native plugins for Editor in 0.00 ms.
Mono: successfully reloaded assembly
- Completed reload, in  4.489 seconds
Platform modules already initialized, skipping
Shader 'Universal Render Pipeline/Particles/Lit': fallback shader 'Universal Render Pipeline/Particles/SimpleLit' not found
Refreshing native plugins compatible for Editor in 2.26 ms, found 4 plugins.
Preloading 0 native plugins for Editor in 0.00 ms.
Unloading 3251 Unused Serialized files (Serialized files now loaded: 0)
System memory in use before: 144.0 MB.
System memory in use after: 144.2 MB.

Unloading 48 unused Assets to reduce memory usage. Loaded Objects now: 3887.
Total: 13.049500 ms (FindLiveObjects: 2.770700 ms CreateObjectMapping: 0.169400 ms MarkObjects: 10.070900 ms  DeleteObjects: 0.037100 ms)

========================================================================
Received Prepare
Shader 'Universal Render Pipeline/Particles/Lit': fallback shader 'Universal Render Pipeline/Particles/SimpleLit' not found
Refreshing native plugins compatible for Editor in 9.24 ms, found 4 plugins.
Preloading 0 native plugins for Editor in 0.00 ms.
Unloading 46 Unused Serialized files (Serialized files now loaded: 0)
System memory in use before: 80.7 MB.
System memory in use after: 80.9 MB.

Unloading 46 unused Assets to reduce memory usage. Loaded Objects now: 3887.
Total: 4.666000 ms (FindLiveObjects: 0.345800 ms CreateObjectMapping: 0.099100 ms MarkObjects: 4.162200 ms  DeleteObjects: 0.057300 ms)

========================================================================
Received Prepare
Registering precompiled user dll's ...
Registered in 0.003839 seconds.
Begin MonoManager ReloadAssembly
Native extension for WindowsStandalone target not found
Refreshing native plugins compatible for Editor in 1.57 ms, found 4 plugins.
Preloading 0 native plugins for Editor in 0.00 ms.
Mono: successfully reloaded assembly
- Completed reload, in  1.950 seconds
Platform modules already initialized, skipping
Shader 'Universal Render Pipeline/Particles/Lit': fallback shader 'Universal Render Pipeline/Particles/SimpleLit' not found
Refreshing native plugins compatible for Editor in 1.09 ms, found 4 plugins.
Preloading 0 native plugins for Editor in 0.00 ms.
Unloading 3251 Unused Serialized files (Serialized files now loaded: 0)
System memory in use before: 144.0 MB.
System memory in use after: 144.2 MB.

Unloading 48 unused Assets to reduce memory usage. Loaded Objects now: 3892.
Total: 3.771500 ms (FindLiveObjects: 0.572900 ms CreateObjectMapping: 0.163700 ms MarkObjects: 2.952500 ms  DeleteObjects: 0.080900 ms)

========================================================================
Received Prepare
Shader 'Universal Render Pipeline/Particles/Lit': fallback shader 'Universal Render Pipeline/Particles/SimpleLit' not found
Refreshing native plugins compatible for Editor in 16.75 ms, found 4 plugins.
Preloading 0 native plugins for Editor in 0.00 ms.
Unloading 46 Unused Serialized files (Serialized files now loaded: 0)
System memory in use before: 80.7 MB.
System memory in use after: 80.9 MB.

Unloading 46 unused Assets to reduce memory usage. Loaded Objects now: 3892.
Total: 5.511900 ms (FindLiveObjects: 0.406800 ms CreateObjectMapping: 0.173600 ms MarkObjects: 4.875700 ms  DeleteObjects: 0.053800 ms)

========================================================================
Received Prepare
Registering precompiled user dll's ...
Registered in 0.004494 seconds.
Begin MonoManager ReloadAssembly
Native extension for WindowsStandalone target not found
Refreshing native plugins compatible for Editor in 1.95 ms, found 4 plugins.
Preloading 0 native plugins for Editor in 0.00 ms.
Mono: successfully reloaded assembly
- Completed reload, in  7.905 seconds
Platform modules already initialized, skipping
Shader 'Universal Render Pipeline/Particles/Lit': fallback shader 'Universal Render Pipeline/Particles/SimpleLit' not found
Refreshing native plugins compatible for Editor in 1.53 ms, found 4 plugins.
Preloading 0 native plugins for Editor in 0.00 ms.
Unloading 3251 Unused Serialized files (Serialized files now loaded: 0)
System memory in use before: 144.0 MB.
System memory in use after: 144.2 MB.

Unloading 48 unused Assets to reduce memory usage. Loaded Objects now: 3897.
Total: 15.316700 ms (FindLiveObjects: 0.623200 ms CreateObjectMapping: 0.353900 ms MarkObjects: 14.280700 ms  DeleteObjects: 0.057300 ms)

========================================================================
Received Prepare
Shader 'Universal Render Pipeline/Particles/Lit': fallback shader 'Universal Render Pipeline/Particles/SimpleLit' not found
Refreshing native plugins compatible for Editor in 14.18 ms, found 4 plugins.
Preloading 0 native plugins for Editor in 0.00 ms.
Unloading 46 Unused Serialized files (Serialized files now loaded: 0)
System memory in use before: 80.7 MB.
System memory in use after: 80.9 MB.

Unloading 46 unused Assets to reduce memory usage. Loaded Objects now: 3897.
Total: 3.674200 ms (FindLiveObjects: 0.294200 ms CreateObjectMapping: 0.099500 ms MarkObjects: 3.245600 ms  DeleteObjects: 0.032900 ms)

========================================================================
Received Prepare
Registering precompiled user dll's ...
Registered in 0.004500 seconds.
Begin MonoManager ReloadAssembly
Native extension for WindowsStandalone target not found
Refreshing native plugins compatible for Editor in 1.44 ms, found 4 plugins.
Preloading 0 native plugins for Editor in 0.00 ms.
Mono: successfully reloaded assembly
- Completed reload, in  1.717 seconds
Platform modules already initialized, skipping
Shader 'Universal Render Pipeline/Particles/Lit': fallback shader 'Universal Render Pipeline/Particles/SimpleLit' not found
Refreshing native plugins compatible for Editor in 0.97 ms, found 4 plugins.
Preloading 0 native plugins for Editor in 0.00 ms.
Unloading 3251 Unused Serialized files (Serialized files now loaded: 0)
System memory in use before: 144.0 MB.
System memory in use after: 144.2 MB.

Unloading 48 unused Assets to reduce memory usage. Loaded Objects now: 3902.
Total: 3.070700 ms (FindLiveObjects: 0.415700 ms CreateObjectMapping: 0.109000 ms MarkObjects: 2.486700 ms  DeleteObjects: 0.057700 ms)

========================================================================
Received Prepare
Registering precompiled user dll's ...
Registered in 0.005082 seconds.
Begin MonoManager ReloadAssembly
Native extension for WindowsStandalone target not found
Refreshing native plugins compatible for Editor in 1.13 ms, found 4 plugins.
Preloading 0 native plugins for Editor in 0.00 ms.
Mono: successfully reloaded assembly
- Completed reload, in  1.532 seconds
Platform modules already initialized, skipping
Shader 'Universal Render Pipeline/Particles/Lit': fallback shader 'Universal Render Pipeline/Particles/SimpleLit' not found
Refreshing native plugins compatible for Editor in 2.18 ms, found 4 plugins.
Preloading 0 native plugins for Editor in 0.00 ms.
Unloading 3251 Unused Serialized files (Serialized files now loaded: 0)
System memory in use before: 144.0 MB.
System memory in use after: 144.2 MB.

Unloading 48 unused Assets to reduce memory usage. Loaded Objects now: 3907.
Total: 4.569100 ms (FindLiveObjects: 0.382400 ms CreateObjectMapping: 0.159500 ms MarkObjects: 3.960700 ms  DeleteObjects: 0.064500 ms)

========================================================================
Received Prepare
Registering precompiled user dll's ...
Registered in 0.019404 seconds.
Begin MonoManager ReloadAssembly
Native extension for WindowsStandalone target not found
Refreshing native plugins compatible for Editor in 1.37 ms, found 4 plugins.
Preloading 0 native plugins for Editor in 0.00 ms.
Mono: successfully reloaded assembly
- Completed reload, in  5.107 seconds
Platform modules already initialized, skipping
Shader 'Universal Render Pipeline/Particles/Lit': fallback shader 'Universal Render Pipeline/Particles/SimpleLit' not found
Refreshing native plugins compatible for Editor in 1.56 ms, found 4 plugins.
Preloading 0 native plugins for Editor in 0.00 ms.
Unloading 3251 Unused Serialized files (Serialized files now loaded: 0)
System memory in use before: 144.0 MB.
System memory in use after: 144.3 MB.

Unloading 48 unused Assets to reduce memory usage. Loaded Objects now: 3912.
Total: 40.195800 ms (FindLiveObjects: 0.483100 ms CreateObjectMapping: 0.196400 ms MarkObjects: 39.458100 ms  DeleteObjects: 0.056300 ms)

========================================================================
Received Prepare
Registering precompiled user dll's ...
Registered in 0.005650 seconds.
Begin MonoManager ReloadAssembly
Native extension for WindowsStandalone target not found
Refreshing native plugins compatible for Editor in 1.43 ms, found 4 plugins.
Preloading 0 native plugins for Editor in 0.00 ms.
Mono: successfully reloaded assembly
- Completed reload, in  4.323 seconds
Platform modules already initialized, skipping
Shader 'Universal Render Pipeline/Particles/Lit': fallback shader 'Universal Render Pipeline/Particles/SimpleLit' not found
Refreshing native plugins compatible for Editor in 1.46 ms, found 4 plugins.
Preloading 0 native plugins for Editor in 0.00 ms.
Unloading 3251 Unused Serialized files (Serialized files now loaded: 0)
System memory in use before: 144.0 MB.
System memory in use after: 144.3 MB.

Unloading 48 unused Assets to reduce memory usage. Loaded Objects now: 3917.
Total: 6.590200 ms (FindLiveObjects: 0.343000 ms CreateObjectMapping: 0.261200 ms MarkObjects: 5.928600 ms  DeleteObjects: 0.055600 ms)

========================================================================
Received Prepare
Registering precompiled user dll's ...
Registered in 0.006326 seconds.
Begin MonoManager ReloadAssembly
Native extension for WindowsStandalone target not found
Refreshing native plugins compatible for Editor in 1.63 ms, found 4 plugins.
Preloading 0 native plugins for Editor in 0.00 ms.
Mono: successfully reloaded assembly
- Completed reload, in  3.515 seconds
Platform modules already initialized, skipping
Shader 'Universal Render Pipeline/Particles/Lit': fallback shader 'Universal Render Pipeline/Particles/SimpleLit' not found
Refreshing native plugins compatible for Editor in 1.55 ms, found 4 plugins.
Preloading 0 native plugins for Editor in 0.00 ms.
Unloading 3251 Unused Serialized files (Serialized files now loaded: 0)
System memory in use before: 144.0 MB.
System memory in use after: 144.3 MB.

Unloading 48 unused Assets to reduce memory usage. Loaded Objects now: 3922.
Total: 3.638700 ms (FindLiveObjects: 0.475300 ms CreateObjectMapping: 0.161700 ms MarkObjects: 2.939800 ms  DeleteObjects: 0.060300 ms)

========================================================================
Received Prepare
Registering precompiled user dll's ...
Registered in 0.004516 seconds.
Begin MonoManager ReloadAssembly
Native extension for WindowsStandalone target not found
Refreshing native plugins compatible for Editor in 1.53 ms, found 4 plugins.
Preloading 0 native plugins for Editor in 0.00 ms.
Mono: successfully reloaded assembly
- Completed reload, in  4.334 seconds
Platform modules already initialized, skipping
Shader 'Universal Render Pipeline/Particles/Lit': fallback shader 'Universal Render Pipeline/Particles/SimpleLit' not found
Refreshing native plugins compatible for Editor in 1.37 ms, found 4 plugins.
Preloading 0 native plugins for Editor in 0.00 ms.
Unloading 3251 Unused Serialized files (Serialized files now loaded: 0)
System memory in use before: 144.0 MB.
System memory in use after: 144.3 MB.

Unloading 48 unused Assets to reduce memory usage. Loaded Objects now: 3927.
Total: 3.256100 ms (FindLiveObjects: 0.453900 ms CreateObjectMapping: 0.171600 ms MarkObjects: 2.575100 ms  DeleteObjects: 0.053700 ms)

========================================================================
Received Import Request.
  Time since last request: 1463.338825 seconds.
  path: Assets/Scripts/NetworkManager.cs
  artifactKey: Guid(53dcda7e0c3be4d47b15825653af8c14) Importer(815301076,1909f56bfc062723c751e8b465ee728b)
Start importing Assets/Scripts/NetworkManager.cs using Guid(53dcda7e0c3be4d47b15825653af8c14) Importer(815301076,1909f56bfc062723c751e8b465ee728b)  -> (artifact id: 'a2e272aa8d51a4791dd2e616c25e24f6') in 0.039231 seconds
  Import took 0.047877 seconds .

========================================================================
Received Import Request.
  Time since last request: 0.014566 seconds.
  path: Assets/Scripts/NetworkManager.cs
  artifactKey: Guid(53dcda7e0c3be4d47b15825653af8c14) Importer(815301076,1909f56bfc062723c751e8b465ee728b)
Start importing Assets/Scripts/NetworkManager.cs using Guid(53dcda7e0c3be4d47b15825653af8c14) Importer(815301076,1909f56bfc062723c751e8b465ee728b)  -> (artifact id: 'a2e272aa8d51a4791dd2e616c25e24f6') in 0.004109 seconds
  Import took 0.017215 seconds .

========================================================================
Received Prepare
Registering precompiled user dll's ...
Registered in 0.006156 seconds.
Begin MonoManager ReloadAssembly
Native extension for WindowsStandalone target not found
Refreshing native plugins compatible for Editor in 1.12 ms, found 4 plugins.
Preloading 0 native plugins for Editor in 0.00 ms.
Mono: successfully reloaded assembly
- Completed reload, in  1.098 seconds
Platform modules already initialized, skipping
Shader 'Universal Render Pipeline/Particles/Lit': fallback shader 'Universal Render Pipeline/Particles/SimpleLit' not found
Refreshing native plugins compatible for Editor in 0.90 ms, found 4 plugins.
Preloading 0 native plugins for Editor in 0.00 ms.
Unloading 3251 Unused Serialized files (Serialized files now loaded: 0)
System memory in use before: 144.2 MB.
System memory in use after: 144.4 MB.

Unloading 48 unused Assets to reduce memory usage. Loaded Objects now: 3932.
Total: 2.788800 ms (FindLiveObjects: 0.381600 ms CreateObjectMapping: 0.198000 ms MarkObjects: 2.154400 ms  DeleteObjects: 0.053100 ms)

========================================================================
Received Prepare
Registering precompiled user dll's ...
Registered in 0.005667 seconds.
Begin MonoManager ReloadAssembly
Native extension for WindowsStandalone target not found
Refreshing native plugins compatible for Editor in 1.02 ms, found 4 plugins.
Preloading 0 native plugins for Editor in 0.00 ms.
Mono: successfully reloaded assembly
- Completed reload, in  1.449 seconds
Platform modules already initialized, skipping
Shader 'Universal Render Pipeline/Particles/Lit': fallback shader 'Universal Render Pipeline/Particles/SimpleLit' not found
Refreshing native plugins compatible for Editor in 0.91 ms, found 4 plugins.
Preloading 0 native plugins for Editor in 0.00 ms.
Unloading 3251 Unused Serialized files (Serialized files now loaded: 0)
System memory in use before: 144.2 MB.
System memory in use after: 144.4 MB.

Unloading 48 unused Assets to reduce memory usage. Loaded Objects now: 3937.
Total: 3.323100 ms (FindLiveObjects: 0.515100 ms CreateObjectMapping: 0.145100 ms MarkObjects: 2.581200 ms  DeleteObjects: 0.080500 ms)

========================================================================
Received Prepare
Registering precompiled user dll's ...
Registered in 0.004255 seconds.
Begin MonoManager ReloadAssembly
Native extension for WindowsStandalone target not found
Refreshing native plugins compatible for Editor in 1.06 ms, found 4 plugins.
Preloading 0 native plugins for Editor in 0.00 ms.
Mono: successfully reloaded assembly
- Completed reload, in  1.164 seconds
Platform modules already initialized, skipping
Shader 'Universal Render Pipeline/Particles/Lit': fallback shader 'Universal Render Pipeline/Particles/SimpleLit' not found
Refreshing native plugins compatible for Editor in 1.44 ms, found 4 plugins.
Preloading 0 native plugins for Editor in 0.00 ms.
Unloading 3251 Unused Serialized files (Serialized files now loaded: 0)
System memory in use before: 144.2 MB.
System memory in use after: 144.4 MB.

Unloading 48 unused Assets to reduce memory usage. Loaded Objects now: 3942.
Total: 4.101900 ms (FindLiveObjects: 0.317400 ms CreateObjectMapping: 0.095300 ms MarkObjects: 3.625200 ms  DeleteObjects: 0.062600 ms)

AssetImportWorkerClient::OnTransportError - code=2 error=End of file
