Using pre-set license
Built from '2020.3/staging' branch; Version is '2020.3.6f1 (338bb68529b2) revision 3378102'; Using compiler version '192528614'; Build Type 'Release'
OS: 'Windows 10 Home Single Language; OS build 19042.1706; Version 2009; 64bit' Language: 'ko' Physical Memory: 16167 MB
BatchMode: 1, IsHumanControllingUs: 0, StartBugReporterOnCrash: 0, Is64bit: 1, IsPro: 0

 COMMAND LINE ARGUMENTS:
D:\Project_Folder\Unity_DownloadFolder\Unity\Editor\Unity.exe
-adb2
-batchMode
-noUpm
-name
AssetImportWorker0
-projectPath
D:/Project_Folder/Unity/Proto_A
-logFile
Logs/AssetImportWorker0.log
-srvPort
50569
Successfully changed project path to: D:/Project_Folder/Unity/Proto_A
D:/Project_Folder/Unity/Proto_A
Using Asset Import Pipeline V2.
Refreshing native plugins compatible for Editor in 82.52 ms, found 4 plugins.
Preloading 0 native plugins for Editor in 0.00 ms.
Initialize engine version: 2020.3.6f1 (338bb68529b2)
[Subsystems] Discovering subsystems at path D:/Project_Folder/Unity_DownloadFolder/Unity/Editor/Data/Resources/UnitySubsystems
[Subsystems] Discovering subsystems at path D:/Project_Folder/Unity/Proto_A/Assets
GfxDevice: creating device client; threaded=0
Direct3D:
    Version:  Direct3D 11.0 [level 11.1]
    Renderer: Microsoft Basic Render Driver (ID=0x8c)
    Vendor:   
    VRAM:     8083 MB
Shader 'Universal Render Pipeline/Particles/Lit': fallback shader 'Universal Render Pipeline/Particles/SimpleLit' not found
Initialize mono
Mono path[0] = 'D:/Project_Folder/Unity_DownloadFolder/Unity/Editor/Data/Managed'
Mono path[1] = 'D:/Project_Folder/Unity_DownloadFolder/Unity/Editor/Data/MonoBleedingEdge/lib/mono/unityjit'
Mono config path = 'D:/Project_Folder/Unity_DownloadFolder/Unity/Editor/Data/MonoBleedingEdge/etc'
Using monoOptions --debugger-agent=transport=dt_socket,embedding=1,server=y,suspend=n,address=127.0.0.1:56924
Begin MonoManager ReloadAssembly
Registering precompiled unity dll's ...
Register platform support module: D:/Project_Folder/Unity_DownloadFolder/Unity/Editor/Data/PlaybackEngines/WindowsStandaloneSupport/UnityEditor.WindowsStandalone.Extensions.dll
Registered in 0.001084 seconds.
Native extension for WindowsStandalone target not found
Refreshing native plugins compatible for Editor in 80.47 ms, found 4 plugins.
Preloading 0 native plugins for Editor in 0.00 ms.
Mono: successfully reloaded assembly
- Completed reload, in  1.177 seconds
Platform modules already initialized, skipping
Registering precompiled user dll's ...
Registered in 0.007639 seconds.
Begin MonoManager ReloadAssembly
Native extension for WindowsStandalone target not found
Refreshing native plugins compatible for Editor in 101.47 ms, found 4 plugins.
Preloading 0 native plugins for Editor in 0.00 ms.
Mono: successfully reloaded assembly
- Completed reload, in  1.279 seconds
Platform modules already initialized, skipping
========================================================================
Worker process is ready to serve import requests
Shader 'Universal Render Pipeline/Particles/Lit': fallback shader 'Universal Render Pipeline/Particles/SimpleLit' not found
Launched and connected shader compiler UnityShaderCompiler.exe after 0.06 seconds
Refreshing native plugins compatible for Editor in 1.26 ms, found 4 plugins.
Preloading 0 native plugins for Editor in 0.00 ms.
Unloading 3376 Unused Serialized files (Serialized files now loaded: 0)
System memory in use before: 148.3 MB.
System memory in use after: 148.5 MB.

Unloading 61 unused Assets to reduce memory usage. Loaded Objects now: 3788.
Total: 4.017900 ms (FindLiveObjects: 0.428100 ms CreateObjectMapping: 0.167300 ms MarkObjects: 3.280200 ms  DeleteObjects: 0.140400 ms)

========================================================================
Received Import Request.
  path: Assets/Scripts/UIManager.cs
  artifactKey: Guid(1b50bc76f17553b4d997b5ac77ca2904) Importer(815301076,1909f56bfc062723c751e8b465ee728b)
Start importing Assets/Scripts/UIManager.cs using Guid(1b50bc76f17553b4d997b5ac77ca2904) Importer(815301076,1909f56bfc062723c751e8b465ee728b)  -> (artifact id: '5c679a0a6af56183ca52cca86f5e940f') in 0.038049 seconds
  Import took 0.049248 seconds .

========================================================================
Received Import Request.
  Time since last request: 0.000409 seconds.
  path: Assets/Scripts/NetworkManager.cs
  artifactKey: Guid(53dcda7e0c3be4d47b15825653af8c14) Importer(815301076,1909f56bfc062723c751e8b465ee728b)
Start importing Assets/Scripts/NetworkManager.cs using Guid(53dcda7e0c3be4d47b15825653af8c14) Importer(815301076,1909f56bfc062723c751e8b465ee728b)  -> (artifact id: '458bee46c7d4972015404df64a01980e') in 0.005573 seconds
  Import took 0.010735 seconds .

========================================================================
Received Import Request.
  Time since last request: 0.000163 seconds.
  path: Assets/Scripts/PlayerScript.cs
  artifactKey: Guid(94f0f74de5f6d894c82c592d2c1cf84e) Importer(815301076,1909f56bfc062723c751e8b465ee728b)
Start importing Assets/Scripts/PlayerScript.cs using Guid(94f0f74de5f6d894c82c592d2c1cf84e) Importer(815301076,1909f56bfc062723c751e8b465ee728b)  -> (artifact id: 'ccb8fbae64871bdc7746c5664287d967') in 0.002491 seconds
  Import took 0.007242 seconds .

AssetImportWorkerClient::OnTransportError - code=2 error=End of file
